<?xml version="1.0" encoding="UTF-8"?>
<!-- Generated by org.testng.reporters.JUnitReportReporter -->
<testsuite hostname="AL01692287" name="com.nts.sqa.lpmtest.AddTipsTest" tests="6" failures="0" timestamp="27 Jul 2022 08:11:59 GMT" time="31.394" errors="0">
  <testcase name="s02" time="9.684" classname="com.nts.sqa.lpmtest.AddTipsTest"/>
  <testcase name="s04" time="3.309" classname="com.nts.sqa.lpmtest.AddTipsTest"/>
  <testcase name="s01" time="4.815" classname="com.nts.sqa.lpmtest.AddTipsTest"/>
  <testcase name="tc12_inputTips" time="5.248" classname="com.nts.sqa.lpmtest.AddTipsTest"/>
  <testcase name="s03" time="4.649" classname="com.nts.sqa.lpmtest.AddTipsTest"/>
  <testcase name="tc01_openAddStorePage" time="3.689" classname="com.nts.sqa.lpmtest.AddTipsTest"/>
</testsuite> <!-- com.nts.sqa.lpmtest.AddTipsTest -->
